# JRE version: OpenJDK Runtime Environment (8.0_212-b04) (build 1.8.0_212-release-1586-b04)
# Java VM: OpenJDK 64-Bit Server VM (25.212-b04 mixed mode windows-amd64 compressed oops)
Heap:
 PSYoungGen      total 349696K, used 137822K [0x00000000e0000000, 0x0000000100000000, 0x0000000100000000)
  eden space 175104K, 0% used [0x00000000e0000000,0x00000000e0000000,0x00000000eab00000)
  from space 174592K, 78% used [0x00000000eab00000,0x00000000f31978e0,0x00000000f5580000)
  to   space 174592K, 0% used [0x00000000f5580000,0x00000000f5580000,0x0000000100000000)
 ParOldGen       total 318464K, used 53658K [0x00000000a0000000, 0x00000000b3700000, 0x00000000e0000000)
  object space 318464K, 16% used [0x00000000a0000000,0x00000000a3466af0,0x00000000b3700000)
 Metaspace       used 154326K, capacity 162431K, committed 162496K, reserved 1189888K
  class space    used 19716K, capacity 21248K, committed 21248K, reserved 1048576K
GC Heap History (10 events):
Event: 8238.602 GC heap after
Heap after GC invocations=44 (full 13):
 PSYoungGen      total 379904K, used 80546K [0x00000000e0000000, 0x0000000100000000, 0x0000000100000000)
  eden space 240128K, 0% used [0x00000000e0000000,0x00000000e0000000,0x00000000eea80000)
  from space 139776K, 57% used [0x00000000eea80000,0x00000000f3928888,0x00000000f7300000)
  to   space 140800K, 0% used [0x00000000f7680000,0x00000000f7680000,0x0000000100000000)
 ParOldGen       total 318464K, used 38031K [0x00000000a0000000, 0x00000000b3700000, 0x00000000e0000000)
  object space 318464K, 11% used [0x00000000a0000000,0x00000000a2523ca8,0x00000000b3700000)
 Metaspace       used 148663K, capacity 155904K, committed 157400K, reserved 1185792K
  class space    used 18996K, capacity 20429K, committed 20736K, reserved 1048576K
}
Event: 8244.978 GC heap before
{Heap before GC invocations=45 (full 13):
 PSYoungGen      total 379904K, used 320674K [0x00000000e0000000, 0x0000000100000000, 0x0000000100000000)
  eden space 240128K, 100% used [0x00000000e0000000,0x00000000eea80000,0x00000000eea80000)
  from space 139776K, 57% used [0x00000000eea80000,0x00000000f3928888,0x00000000f7300000)
  to   space 140800K, 0% used [0x00000000f7680000,0x00000000f7680000,0x0000000100000000)
 ParOldGen       total 318464K, used 38031K [0x00000000a0000000, 0x00000000b3700000, 0x00000000e0000000)
  object space 318464K, 11% used [0x00000000a0000000,0x00000000a2523ca8,0x00000000b3700000)
 Metaspace       used 149112K, capacity 156376K, committed 157656K, reserved 1185792K
  class space    used 19009K, capacity 20441K, committed 20736K, reserved 1048576K
Event: 8245.026 GC heap after
Heap after GC invocations=45 (full 13):
 PSYoungGen      total 383488K, used 76835K [0x00000000e0000000, 0x00000000fff00000, 0x0000000100000000)
  eden space 243712K, 0% used [0x00000000e0000000,0x00000000e0000000,0x00000000eee00000)
  from space 139776K, 54% used [0x00000000f7680000,0x00000000fc188da0,0x00000000fff00000)
  to   space 139776K, 0% used [0x00000000eee00000,0x00000000eee00000,0x00000000f7680000)
 ParOldGen       total 318464K, used 38039K [0x00000000a0000000, 0x00000000b3700000, 0x00000000e0000000)
  object space 318464K, 11% used [0x00000000a0000000,0x00000000a2525ca8,0x00000000b3700000)
 Metaspace       used 149112K, capacity 156376K, committed 157656K, reserved 1185792K
  class space    used 19009K, capacity 20441K, committed 20736K, reserved 1048576K
}
Event: 8246.210 GC heap before
{Heap before GC invocations=46 (full 13):
 PSYoungGen      total 383488K, used 320547K [0x00000000e0000000, 0x00000000fff00000, 0x0000000100000000)
  eden space 243712K, 100% used [0x00000000e0000000,0x00000000eee00000,0x00000000eee00000)
  from space 139776K, 54% used [0x00000000f7680000,0x00000000fc188da0,0x00000000fff00000)
  to   space 139776K, 0% used [0x00000000eee00000,0x00000000eee00000,0x00000000f7680000)
 ParOldGen       total 318464K, used 38039K [0x00000000a0000000, 0x00000000b3700000, 0x00000000e0000000)
  object space 318464K, 11% used [0x00000000a0000000,0x00000000a2525ca8,0x00000000b3700000)
 Metaspace       used 149964K, capacity 157394K, committed 158552K, reserved 1187840K
  class space    used 19121K, capacity 20574K, committed 20864K, reserved 1048576K
Event: 8246.300 GC heap after
Heap after GC invocations=46 (full 13):
 PSYoungGen      total 377856K, used 133867K [0x00000000e0000000, 0x0000000100000000, 0x0000000100000000)
  eden space 243712K, 0% used [0x00000000e0000000,0x00000000e0000000,0x00000000eee00000)
  from space 134144K, 99% used [0x00000000eee00000,0x00000000f70baf00,0x00000000f7100000)
  to   space 146432K, 0% used [0x00000000f7100000,0x00000000f7100000,0x0000000100000000)
 ParOldGen       total 318464K, used 38047K [0x00000000a0000000, 0x00000000b3700000, 0x00000000e0000000)
  object space 318464K, 11% used [0x00000000a0000000,0x00000000a2527ca8,0x00000000b3700000)
 Metaspace       used 149964K, capacity 157394K, committed 158552K, reserved 1187840K
  class space    used 19121K, capacity 20574K, committed 20864K, reserved 1048576K
}
Event: 8248.272 GC heap before
{Heap before GC invocations=47 (full 13):
 PSYoungGen      total 377856K, used 377579K [0x00000000e0000000, 0x0000000100000000, 0x0000000100000000)
  eden space 243712K, 100% used [0x00000000e0000000,0x00000000eee00000,0x00000000eee00000)
  from space 134144K, 99% used [0x00000000eee00000,0x00000000f70baf00,0x00000000f7100000)
  to   space 146432K, 0% used [0x00000000f7100000,0x00000000f7100000,0x0000000100000000)
 ParOldGen       total 318464K, used 38047K [0x00000000a0000000, 0x00000000b3700000, 0x00000000e0000000)
  object space 318464K, 11% used [0x00000000a0000000,0x00000000a2527ca8,0x00000000b3700000)
 Metaspace       used 151868K, capacity 159488K, committed 160344K, reserved 1187840K
  class space    used 19363K, capacity 20847K, committed 21120K, reserved 1048576K
Event: 8248.379 GC heap after
Heap after GC invocations=47 (full 13):
 PSYoungGen      total 321536K, used 146409K [0x00000000e0000000, 0x0000000100000000, 0x0000000100000000)
  eden space 175104K, 0% used [0x00000000e0000000,0x00000000e0000000,0x00000000eab00000)
  from space 146432K, 99% used [0x00000000f7100000,0x00000000ffffa4d0,0x0000000100000000)
  to   space 174592K, 0% used [0x00000000eab00000,0x00000000eab00000,0x00000000f5580000)
 ParOldGen       total 318464K, used 53650K [0x00000000a0000000, 0x00000000b3700000, 0x00000000e0000000)
  object space 318464K, 16% used [0x00000000a0000000,0x00000000a3464af0,0x00000000b3700000)
 Metaspace       used 151868K, capacity 159488K, committed 160344K, reserved 1187840K
  class space    used 19363K, capacity 20847K, committed 21120K, reserved 1048576K
}
Event: 8249.389 GC heap before
{Heap before GC invocations=48 (full 13):
 PSYoungGen      total 321536K, used 243848K [0x00000000e0000000, 0x0000000100000000, 0x0000000100000000)
  eden space 175104K, 55% used [0x00000000e0000000,0x00000000e5f27c48,0x00000000eab00000)
  from space 146432K, 99% used [0x00000000f7100000,0x00000000ffffa4d0,0x0000000100000000)
  to   space 174592K, 0% used [0x00000000eab00000,0x00000000eab00000,0x00000000f5580000)
 ParOldGen       total 318464K, used 53650K [0x00000000a0000000, 0x00000000b3700000, 0x00000000e0000000)
  object space 318464K, 16% used [0x00000000a0000000,0x00000000a3464af0,0x00000000b3700000)
 Metaspace       used 154326K, capacity 162431K, committed 162496K, reserved 1189888K
  class space    used 19716K, capacity 21248K, committed 21248K, reserved 1048576K
Event: 8249.477 GC heap after
Heap after GC invocations=48 (full 13):
 PSYoungGen      total 349696K, used 137822K [0x00000000e0000000, 0x0000000100000000, 0x0000000100000000)
  eden space 175104K, 0% used [0x00000000e0000000,0x00000000e0000000,0x00000000eab00000)
  from space 174592K, 78% used [0x00000000eab00000,0x00000000f31978e0,0x00000000f5580000)
  to   space 174592K, 0% used [0x00000000f5580000,0x00000000f5580000,0x0000000100000000)
 ParOldGen       total 318464K, used 53658K [0x00000000a0000000, 0x00000000b3700000, 0x00000000e0000000)
  object space 318464K, 16% used [0x00000000a0000000,0x00000000a3466af0,0x00000000b3700000)
 Metaspace       used 154326K, capacity 162431K, committed 162496K, reserved 1189888K
  class space    used 19716K, capacity 21248K, committed 21248K, reserved 1048576K
}
Event: 8249.477 GC heap before
{Heap before GC invocations=49 (full 14):
 PSYoungGen      total 349696K, used 137822K [0x00000000e0000000, 0x0000000100000000, 0x0000000100000000)
  eden space 175104K, 0% used [0x00000000e0000000,0x00000000e0000000,0x00000000eab00000)
  from space 174592K, 78% used [0x00000000eab00000,0x00000000f31978e0,0x00000000f5580000)
  to   space 174592K, 0% used [0x00000000f5580000,0x00000000f5580000,0x0000000100000000)
 ParOldGen       total 318464K, used 53658K [0x00000000a0000000, 0x00000000b3700000, 0x00000000e0000000)
  object space 318464K, 16% used [0x00000000a0000000,0x00000000a3466af0,0x00000000b3700000)
 Metaspace       used 154326K, capacity 162431K, committed 162496K, reserved 1189888K
  class space    used 19716K, capacity 21248K, committed 21248K, reserved 1048576K

